<?xml version="1.0" encoding="UTF-8"?>
<testsuite xmlns:xsi="http://www.w3.org/2001/XMLSchema-instance" xsi:noNamespaceSchemaLocation="https://maven.apache.org/surefire/maven-surefire-plugin/xsd/surefire-test-report-3.0.xsd" version="3.0" name="FlightsManagmentSystemTest" time="0.031" tests="4" errors="0" skipped="0" failures="0">
  <properties>
[...]
</properties>
  <testcase name="testBusinessFlightVipPassenger" classname="FlightsManagmentSystemTest" time="0.015"/>
  <testcase name="testEconomyFlightVipPassenger" classname="FlightsManagmentSystemTest" time="0"/>
  <testcase name="should_add_usual_passenger_to_economy_flight_and_remove_it" classname="FlightsManagmentSystemTest" time="0.016"/>
  <testcase name="testBusinessFlightUsualPassenger" classname="FlightsManagmentSystemTest" time="0"/>
</testsuite>